Arguments: 
  /usr/local/bin/node /usr/share/yarn/bin/yarn.js add bodyparser

PATH: 
  /usr/local/sbin:/usr/local/bin:/usr/sbin:/usr/bin:/sbin:/bin:/snap/bin

Yarn version: 
  1.21.1

Node version: 
  12.6.0

Platform: 
  linux x64

Trace: 
  Error: https://registry.yarnpkg.com/bodyparser: Not found
      at Request.params.callback [as _callback] (/usr/share/yarn/lib/cli.js:66947:18)
      at Request.self.callback (/usr/share/yarn/lib/cli.js:140665:22)
      at Request.emit (events.js:203:13)
      at Request.<anonymous> (/usr/share/yarn/lib/cli.js:141637:10)
      at Request.emit (events.js:203:13)
      at IncomingMessage.<anonymous> (/usr/share/yarn/lib/cli.js:141559:12)
      at Object.onceWrapper (events.js:291:20)
      at IncomingMessage.emit (events.js:208:15)
      at endReadableNT (_stream_readable.js:1154:12)
      at processTicksAndRejections (internal/process/task_queues.js:77:11)

npm manifest: 
  {
    "dependencies": {
      "@types/node": "^13.5.1",
      "json": "^9.0.6",
      "multipart": "^0.1.5",
      "xhr2": "^0.2.0",
      "xmlhttprequest": "^1.8.0"
    },
    "scripts": {
      "start": "tsc ./Services/*.ts && tsc ./Server/*.ts && node ./Server/app.js "
    }
  }

yarn manifest: 
  No manifest

Lockfile: 
  # THIS IS AN AUTOGENERATED FILE. DO NOT EDIT THIS FILE DIRECTLY.
  # yarn lockfile v1
  
  
  "@types/node@^13.5.1":
    version "13.5.1"
    resolved "https://registry.yarnpkg.com/@types/node/-/node-13.5.1.tgz#6fae50892d1841f4b38b298e2f78fb68c5960cb9"
    integrity sha512-Jj2W7VWQ2uM83f8Ls5ON9adxN98MvyJsMSASYFuSvrov8RMRY64Ayay7KV35ph1TSGIJ2gG9ZVDdEq3c3zaydA==
  
  json@^9.0.6:
    version "9.0.6"
    resolved "https://registry.yarnpkg.com/json/-/json-9.0.6.tgz#7972c2a5a48a42678db2730c7c2c4ee6e4e24585"
    integrity sha1-eXLCpaSKQmeNsnMMfCxO5uTiRYU=
  
  mime@1.2.x:
    version "1.2.11"
    resolved "https://registry.yarnpkg.com/mime/-/mime-1.2.11.tgz#58203eed86e3a5ef17aed2b7d9ebd47f0a60dd10"
    integrity sha1-WCA+7Ybjpe8XrtK32evUfwpg3RA=
  
  multipart@^0.1.5:
    version "0.1.5"
    resolved "https://registry.yarnpkg.com/multipart/-/multipart-0.1.5.tgz#6c950fc156b9072d4eb3705037697311524b176d"
    integrity sha1-bJUPwVa5By1Os3BQN2lzEVJLF20=
    dependencies:
      mime "1.2.x"
  
  xhr2@^0.2.0:
    version "0.2.0"
    resolved "https://registry.yarnpkg.com/xhr2/-/xhr2-0.2.0.tgz#eddeff782f3b7551061b8d75645085269396e521"
    integrity sha512-BDtiD0i2iKPK/S8OAZfpk6tyzEDnKKSjxWHcMBVmh+LuqJ8A32qXTyOx+TVOg2dKvq6zGBq2sgKPkEeRs1qTRA==
  
  xmlhttprequest@^1.8.0:
    version "1.8.0"
    resolved "https://registry.yarnpkg.com/xmlhttprequest/-/xmlhttprequest-1.8.0.tgz#67fe075c5c24fef39f9d65f5f7b7fe75171968fc"
    integrity sha1-Z/4HXFwk/vOfnWX197f+dRcZaPw=
